d:\desktop\windowsfirewall\windowsfirewall\x64\debug\vc143.pdb
d:\desktop\windowsfirewall\windowsfirewall\x64\debug\vc143.idb
d:\desktop\windowsfirewall\windowsfirewall\x64\debug\windowsfirewall.obj
d:\desktop\windowsfirewall\windowsfirewall\x64\debug\validator.obj
d:\desktop\windowsfirewall\windowsfirewall\x64\debug\rule_wizard.obj
d:\desktop\windowsfirewall\windowsfirewall\x64\debug\rule_manager.obj
d:\desktop\windowsfirewall\windowsfirewall\x64\debug\packetinterceptor.obj
d:\desktop\windowsfirewall\windowsfirewall\x64\debug\main_window.obj
d:\desktop\windowsfirewall\x64\debug\windowsfirewall.exe
d:\desktop\windowsfirewall\x64\debug\windowsfirewall.pdb
d:\desktop\windowsfirewall\windowsfirewall\x64\debug\windowsfirewall.res
d:\desktop\windowsfirewall\windowsfirewall\x64\debug\windowsfirewall.exe.embed.manifest.res
d:\desktop\windowsfirewall\windowsfirewall\x64\debug\windowsfirewall.ilk
d:\desktop\windowsfirewall\windowsfirewall\x64\debug\windowsfirewall.exe.embed.manifest
d:\desktop\windowsfirewall\windowsfirewall\x64\debug\windowsfirewall_manifest.rc
d:\desktop\windowsfirewall\windowsfirewall\x64\debug\windowsfirewall.tlog\cl.command.1.tlog
d:\desktop\windowsfirewall\windowsfirewall\x64\debug\windowsfirewall.tlog\cl.items.tlog
d:\desktop\windowsfirewall\windowsfirewall\x64\debug\windowsfirewall.tlog\cl.read.1.tlog
d:\desktop\windowsfirewall\windowsfirewall\x64\debug\windowsfirewall.tlog\cl.write.1.tlog
d:\desktop\windowsfirewall\windowsfirewall\x64\debug\windowsfirewall.tlog\link.command.1.tlog
d:\desktop\windowsfirewall\windowsfirewall\x64\debug\windowsfirewall.tlog\link.read.1.tlog
d:\desktop\windowsfirewall\windowsfirewall\x64\debug\windowsfirewall.tlog\link.secondary.1.tlog
d:\desktop\windowsfirewall\windowsfirewall\x64\debug\windowsfirewall.tlog\link.write.1.tlog
d:\desktop\windowsfirewall\windowsfirewall\x64\debug\windowsfirewall.tlog\rc.command.1.tlog
d:\desktop\windowsfirewall\windowsfirewall\x64\debug\windowsfirewall.tlog\rc.read.1.tlog
d:\desktop\windowsfirewall\windowsfirewall\x64\debug\windowsfirewall.tlog\rc.write.1.tlog
