  main_window.cpp
D:\Desktop\WindowsFirewall\WindowsFirewall\resource.h(42,9): warning C4005: 'IDD_PACKET_PROPERTIES': macro redefinition
  (compiling source file 'main_window.cpp')
      D:\Desktop\WindowsFirewall\WindowsFirewall\resource.h(25,9):
      see previous definition of 'IDD_PACKET_PROPERTIES'
  
D:\Desktop\WindowsFirewall\WindowsFirewall\resource.h(44,9): warning C4005: 'IDC_SIZE': macro redefinition
  (compiling source file 'main_window.cpp')
      C:\Program Files (x86)\Windows Kits\10\Include\10.0.26100.0\um\winuser.h(10685,9):
      see previous definition of 'IDC_SIZE'
  
D:\Desktop\WindowsFirewall\WindowsFirewall\resource.h(131,9): warning C4005: 'IDC_RADIO_ALL': macro redefinition
  (compiling source file 'main_window.cpp')
      D:\Desktop\WindowsFirewall\WindowsFirewall\resource.h(127,9):
      see previous definition of 'IDC_RADIO_ALL'
  
D:\Desktop\WindowsFirewall\WindowsFirewall\main_window.cpp(882,19): warning C4312: 'type cast': conversion from 'int' to 'HMENU' of greater size
D:\Desktop\WindowsFirewall\WindowsFirewall\main_window.cpp(946,73): warning C4267: 'argument': conversion from 'size_t' to 'int', possible loss of data
D:\Desktop\WindowsFirewall\WindowsFirewall\main_window.cpp(1357,23): warning C4244: 'initializing': conversion from 'LRESULT' to 'int', possible loss of data
  network_logger.cpp
  packetinterceptor.cpp
D:\Desktop\WindowsFirewall\WindowsFirewall\packetinterceptor.cpp(107,42): warning C4244: 'argument': conversion from 'DWORD' to 'u_short', possible loss of data
D:\Desktop\WindowsFirewall\WindowsFirewall\packetinterceptor.cpp(121,42): warning C4244: 'argument': conversion from 'DWORD' to 'u_short', possible loss of data
D:\Desktop\WindowsFirewall\WindowsFirewall\packetinterceptor.cpp(683,41): warning C4244: 'argument': conversion from 'DWORD' to 'u_short', possible loss of data
D:\Desktop\WindowsFirewall\WindowsFirewall\packetinterceptor.cpp(705,41): warning C4244: 'argument': conversion from 'DWORD' to 'u_short', possible loss of data
  rule_manager.cpp
D:\Desktop\WindowsFirewall\WindowsFirewall\Resource.h(42,9): warning C4005: 'IDD_PACKET_PROPERTIES': macro redefinition
  (compiling source file 'rule_manager.cpp')
      D:\Desktop\WindowsFirewall\WindowsFirewall\Resource.h(25,9):
      see previous definition of 'IDD_PACKET_PROPERTIES'
  
D:\Desktop\WindowsFirewall\WindowsFirewall\Resource.h(44,9): warning C4005: 'IDC_SIZE': macro redefinition
  (compiling source file 'rule_manager.cpp')
      C:\Program Files (x86)\Windows Kits\10\Include\10.0.26100.0\um\winuser.h(10685,9):
      see previous definition of 'IDC_SIZE'
  
D:\Desktop\WindowsFirewall\WindowsFirewall\Resource.h(131,9): warning C4005: 'IDC_RADIO_ALL': macro redefinition
  (compiling source file 'rule_manager.cpp')
      D:\Desktop\WindowsFirewall\WindowsFirewall\Resource.h(127,9):
      see previous definition of 'IDC_RADIO_ALL'
  
  rule_wizard.cpp
D:\Desktop\WindowsFirewall\WindowsFirewall\resource.h(42,9): warning C4005: 'IDD_PACKET_PROPERTIES': macro redefinition
  (compiling source file 'rule_wizard.cpp')
      D:\Desktop\WindowsFirewall\WindowsFirewall\resource.h(25,9):
      see previous definition of 'IDD_PACKET_PROPERTIES'
  
D:\Desktop\WindowsFirewall\WindowsFirewall\resource.h(44,9): warning C4005: 'IDC_SIZE': macro redefinition
  (compiling source file 'rule_wizard.cpp')
      C:\Program Files (x86)\Windows Kits\10\Include\10.0.26100.0\um\winuser.h(10685,9):
      see previous definition of 'IDC_SIZE'
  
D:\Desktop\WindowsFirewall\WindowsFirewall\resource.h(131,9): warning C4005: 'IDC_RADIO_ALL': macro redefinition
  (compiling source file 'rule_wizard.cpp')
      D:\Desktop\WindowsFirewall\WindowsFirewall\resource.h(127,9):
      see previous definition of 'IDC_RADIO_ALL'
  
  validator.cpp
D:\Desktop\WindowsFirewall\WindowsFirewall\resource.h(42,9): warning C4005: 'IDD_PACKET_PROPERTIES': macro redefinition
  (compiling source file 'validator.cpp')
      D:\Desktop\WindowsFirewall\WindowsFirewall\resource.h(25,9):
      see previous definition of 'IDD_PACKET_PROPERTIES'
  
D:\Desktop\WindowsFirewall\WindowsFirewall\resource.h(44,9): warning C4005: 'IDC_SIZE': macro redefinition
  (compiling source file 'validator.cpp')
      C:\Program Files (x86)\Windows Kits\10\Include\10.0.26100.0\um\winuser.h(10685,9):
      see previous definition of 'IDC_SIZE'
  
D:\Desktop\WindowsFirewall\WindowsFirewall\resource.h(131,9): warning C4005: 'IDC_RADIO_ALL': macro redefinition
  (compiling source file 'validator.cpp')
      D:\Desktop\WindowsFirewall\WindowsFirewall\resource.h(127,9):
      see previous definition of 'IDC_RADIO_ALL'
  
  WindowsFirewall.cpp
D:\Desktop\WindowsFirewall\WindowsFirewall\resource.h(42,9): warning C4005: 'IDD_PACKET_PROPERTIES': macro redefinition
  (compiling source file 'WindowsFirewall.cpp')
      D:\Desktop\WindowsFirewall\WindowsFirewall\resource.h(25,9):
      see previous definition of 'IDD_PACKET_PROPERTIES'
  
D:\Desktop\WindowsFirewall\WindowsFirewall\resource.h(44,9): warning C4005: 'IDC_SIZE': macro redefinition
  (compiling source file 'WindowsFirewall.cpp')
      C:\Program Files (x86)\Windows Kits\10\Include\10.0.26100.0\um\winuser.h(10685,9):
      see previous definition of 'IDC_SIZE'
  
D:\Desktop\WindowsFirewall\WindowsFirewall\resource.h(131,9): warning C4005: 'IDC_RADIO_ALL': macro redefinition
  (compiling source file 'WindowsFirewall.cpp')
      D:\Desktop\WindowsFirewall\WindowsFirewall\resource.h(127,9):
      see previous definition of 'IDC_RADIO_ALL'
  
  Generating Code...
resource.h(42): warning RC4005: 'IDD_PACKET_PROPERTIES' : redefinition
  
resource.h(131): warning RC4005: 'IDC_RADIO_ALL' : redefinition
  
WindowsFirewall.rc(246): warning RC2182: duplicate dialog control ID 2
  
  WindowsFirewall.vcxproj -> D:\Desktop\WindowsFirewall\x64\Debug\WindowsFirewall.exe
